
=== Wed Mar 16 13:20:08 2022

Packages were changed.
Update Mode: mergeDefaultDependencies

The following packages were added:
  com.unity.postprocessing@3.0.3
The following packages were updated:
  com.unity.cinemachine from version 2.6.11 to 2.7.8

=== Wed Mar 16 20:06:27 2022

Packages were changed.
Update Mode: updateDependencies

The following packages were updated:
  com.unity.ide.rider from version 2.0.7 to 3.0.7
  com.unity.postprocessing from version 3.0.3 to 3.1.1
  com.unity.timeline from version 1.4.8 to 1.5.5

=== Wed Mar 16 20:10:11 2022

Packages were changed.
Update Mode: mergeDefaultDependencies

The following packages were added:
  com.unity.burst@1.4.11
  com.unity.jobs@0.2.10-preview.13
  com.unity.recorder@3.0.1
